
> mithala-matrix-interpreter@0.0.1 build
> tsup src/* --dts

[34mCLI[39m Building entry: src/index.ts
[34mCLI[39m Using tsconfig: tsconfig.json
[34mCLI[39m tsup v5.12.9
[34mCLI[39m Target: node12
[34mCJS[39m Build start
X [ERROR] Could not resolve "/mithala-matrix-parser"

    src/module/interpreterModule.ts:1:33:
      1 │ import { parser, NodeType } from "/mithala-matrix-parser";
        ╵                                  ~~~~~~~~~~~~~~~~~~~~~~~~

X [ERROR] Could not resolve "mithala-matrix-parser"

    src/components/visitor/binaryExpression.ts:2:34:
      2 │ import { ASTNode, NodeType } from "mithala-matrix-parser";
        ╵                                   ~~~~~~~~~~~~~~~~~~~~~~~

  You can mark the path "mithala-matrix-parser" as external to exclude it from the bundle, which will remove this error.

X [ERROR] Could not resolve "mithala-matrix-parser"

    src/components/visitor/variableDeclaration.ts:2:34:
      2 │ import { ASTNode, NodeType } from "mithala-matrix-parser";
        ╵                                   ~~~~~~~~~~~~~~~~~~~~~~~

  You can mark the path "mithala-matrix-parser" as external to exclude it from the bundle, which will remove this error.

[31mCJS[39m [31mBuild failed[39m
[31mError: Build failed with 3 errors:
src/components/visitor/binaryExpression.ts:2:34: ERROR: Could not resolve "mithala-matrix-parser"
src/components/visitor/variableDeclaration.ts:2:34: ERROR: Could not resolve "mithala-matrix-parser"
src/module/interpreterModule.ts:1:33: ERROR: Could not resolve "/mithala-matrix-parser"
    at failureErrorWithLog (C:\MithilaMatrix\node_modules\esbuild\lib\main.js:1601:15)
    at C:\MithilaMatrix\node_modules\esbuild\lib\main.js:1247:28
    at runOnEndCallbacks (C:\MithilaMatrix\node_modules\esbuild\lib\main.js:1032:63)
    at buildResponseToResult (C:\MithilaMatrix\node_modules\esbuild\lib\main.js:1245:7)
    at C:\MithilaMatrix\node_modules\esbuild\lib\main.js:1354:14
    at C:\MithilaMatrix\node_modules\esbuild\lib\main.js:664:9
    at handleIncomingPacket (C:\MithilaMatrix\node_modules\esbuild\lib\main.js:761:9)
    at Socket.readFromStdout (C:\MithilaMatrix\node_modules\esbuild\lib\main.js:631:7)
    at Socket.emit (node:events:514:28)
    at addChunk (node:internal/streams/readable:545:12)[39m
[34mDTS[39m Build start
src/components/interpreter.ts(1,20): error TS2307: Cannot find module 'mithala-matrix-parser' or its corresponding type declarations.

[31mDTS[39m [31mBuild error[39m
[31mError: Failed to compile. Check the logs above.
    at error (C:\MithilaMatrix\node_modules\rollup\dist\shared\rollup.js:160:30)
    at throwPluginError (C:\MithilaMatrix\node_modules\rollup\dist\shared\rollup.js:21831:12)
    at Object.error (C:\MithilaMatrix\node_modules\rollup\dist\shared\rollup.js:22556:20)
    at Object.error (C:\MithilaMatrix\node_modules\rollup\dist\shared\rollup.js:22008:42)
    at Object.transform (C:\MithilaMatrix\packages\mithala-matrix-interpreter\node_modules\tsup\dist\rollup.js:8400:20)
    at C:\MithilaMatrix\node_modules\rollup\dist\shared\rollup.js:22801:37[39m
npm ERR! Lifecycle script `build` failed with error: 
npm ERR! Error: command failed 
npm ERR!   in workspace: mithala-matrix-interpreter@0.0.1 
npm ERR!   at location: C:\MithilaMatrix\packages\mithala-matrix-interpreter 
